201  DEBUG [2021-04-14 11:36:14]  TemplateLoader.findTemplateSource("dto_zh.ftl"): Not found
201  DEBUG [2021-04-14 11:36:14]  TemplateLoader.findTemplateSource("dto.ftl"): Found
201  DEBUG [2021-04-14 11:36:14]  Loading template for "dto.ftl"("zh_CN", UTF-8, parsed) from "E:\\Workspaces\\sailun\\resource\\config\\template\\mysql\\dto.ftl"
239  DEBUG [2021-04-14 11:36:14]  Couldn't find template in cache for "edit.ftl"("zh_CN", UTF-8, parsed); will try to load it.
240  DEBUG [2021-04-14 11:36:14]  TemplateLoader.findTemplateSource("edit_zh_CN.ftl"): Not found
240  DEBUG [2021-04-14 11:36:14]  TemplateLoader.findTemplateSource("edit_zh.ftl"): Not found
240  DEBUG [2021-04-14 11:36:14]  TemplateLoader.findTemplateSource("edit.ftl"): Found
240  DEBUG [2021-04-14 11:36:14]  Loading template for "edit.ftl"("zh_CN", UTF-8, parsed) from "E:\\Workspaces\\sailun\\resource\\config\\template\\mysql\\edit.ftl"
589  DEBUG [2021-04-14 11:36:14]  Couldn't find template in cache for "edit_js.ftl"("zh_CN", UTF-8, parsed); will try to load it.
590  DEBUG [2021-04-14 11:36:14]  TemplateLoader.findTemplateSource("edit_js_zh_CN.ftl"): Not found
590  DEBUG [2021-04-14 11:36:14]  TemplateLoader.findTemplateSource("edit_js_zh.ftl"): Not found
590  DEBUG [2021-04-14 11:36:14]  TemplateLoader.findTemplateSource("edit_js.ftl"): Found
590  DEBUG [2021-04-14 11:36:14]  Loading template for "edit_js.ftl"("zh_CN", UTF-8, parsed) from "E:\\Workspaces\\sailun\\resource\\config\\template\\mysql\\edit_js.ftl"
905  DEBUG [2021-04-14 11:36:14]  Couldn't find template in cache for "entity.ftl"("zh_CN", UTF-8, parsed); will try to load it.
905  DEBUG [2021-04-14 11:36:14]  TemplateLoader.findTemplateSource("entity_zh_CN.ftl"): Not found
905  DEBUG [2021-04-14 11:36:14]  TemplateLoader.findTemplateSource("entity_zh.ftl"): Not found
905  DEBUG [2021-04-14 11:36:14]  TemplateLoader.findTemplateSource("entity.ftl"): Found
905  DEBUG [2021-04-14 11:36:14]  Loading template for "entity.ftl"("zh_CN", UTF-8, parsed) from "E:\\Workspaces\\sailun\\resource\\config\\template\\mysql\\entity.ftl"
1241 DEBUG [2021-04-14 11:36:15]  Couldn't find template in cache for "list.ftl"("zh_CN", UTF-8, parsed); will try to load it.
1241 DEBUG [2021-04-14 11:36:15]  TemplateLoader.findTemplateSource("list_zh_CN.ftl"): Not found
1241 DEBUG [2021-04-14 11:36:15]  TemplateLoader.findTemplateSource("list_zh.ftl"): Not found
1242 DEBUG [2021-04-14 11:36:15]  TemplateLoader.findTemplateSource("list.ftl"): Found
1242 DEBUG [2021-04-14 11:36:15]  Loading template for "list.ftl"("zh_CN", UTF-8, parsed) from "E:\\Workspaces\\sailun\\resource\\config\\template\\mysql\\list.ftl"
1580 DEBUG [2021-04-14 11:36:15]  Couldn't find template in cache for "list_js.ftl"("zh_CN", UTF-8, parsed); will try to load it.
1580 DEBUG [2021-04-14 11:36:15]  TemplateLoader.findTemplateSource("list_js_zh_CN.ftl"): Not found
1581 DEBUG [2021-04-14 11:36:15]  TemplateLoader.findTemplateSource("list_js_zh.ftl"): Not found
1582 DEBUG [2021-04-14 11:36:15]  TemplateLoader.findTemplateSource("list_js.ftl"): Found
1582 DEBUG [2021-04-14 11:36:15]  Loading template for "list_js.ftl"("zh_CN", UTF-8, parsed) from "E:\\Workspaces\\sailun\\resource\\config\\template\\mysql\\list_js.ftl"
1915 DEBUG [2021-04-14 11:36:15]  Couldn't find template in cache for "mapper.ftl"("zh_CN", UTF-8, parsed); will try to load it.
1915 DEBUG [2021-04-14 11:36:15]  TemplateLoader.findTemplateSource("mapper_zh_CN.ftl"): Not found
1916 DEBUG [2021-04-14 11:36:15]  TemplateLoader.findTemplateSource("mapper_zh.ftl"): Not found
1917 DEBUG [2021-04-14 11:36:15]  TemplateLoader.findTemplateSource("mapper.ftl"): Found
1917 DEBUG [2021-04-14 11:36:15]  Loading template for "mapper.ftl"("zh_CN", UTF-8, parsed) from "E:\\Workspaces\\sailun\\resource\\config\\template\\mysql\\mapper.ftl"
2275 DEBUG [2021-04-14 11:36:16]  Couldn't find template in cache for "service.ftl"("zh_CN", UTF-8, parsed); will try to load it.
2275 DEBUG [2021-04-14 11:36:16]  TemplateLoader.findTemplateSource("service_zh_CN.ftl"): Not found
2275 DEBUG [2021-04-14 11:36:16]  TemplateLoader.findTemplateSource("service_zh.ftl"): Not found
2276 DEBUG [2021-04-14 11:36:16]  TemplateLoader.findTemplateSource("service.ftl"): Found
2276 DEBUG [2021-04-14 11:36:16]  Loading template for "service.ftl"("zh_CN", UTF-8, parsed) from "E:\\Workspaces\\sailun\\resource\\config\\template\\mysql\\service.ftl"
2606 DEBUG [2021-04-14 11:36:16]  Couldn't find template in cache for "serviceImpl.ftl"("zh_CN", UTF-8, parsed); will try to load it.
2607 DEBUG [2021-04-14 11:36:16]  TemplateLoader.findTemplateSource("serviceImpl_zh_CN.ftl"): Not found
2607 DEBUG [2021-04-14 11:36:16]  TemplateLoader.findTemplateSource("serviceImpl_zh.ftl"): Not found
2608 DEBUG [2021-04-14 11:36:16]  TemplateLoader.findTemplateSource("serviceImpl.ftl"): Found
2608 DEBUG [2021-04-14 11:36:16]  Loading template for "serviceImpl.ftl"("zh_CN", UTF-8, parsed) from "E:\\Workspaces\\sailun\\resource\\config\\template\\mysql\\serviceImpl.ftl"
2962 DEBUG [2021-04-14 11:36:16]  Couldn't find template in cache for "vo.ftl"("zh_CN", UTF-8, parsed); will try to load it.
2962 DEBUG [2021-04-14 11:36:16]  TemplateLoader.findTemplateSource("vo_zh_CN.ftl"): Not found
2963 DEBUG [2021-04-14 11:36:16]  TemplateLoader.findTemplateSource("vo_zh.ftl"): Not found
2964 DEBUG [2021-04-14 11:36:16]  TemplateLoader.findTemplateSource("vo.ftl"): Found
2964 DEBUG [2021-04-14 11:36:16]  Loading template for "vo.ftl"("zh_CN", UTF-8, parsed) from "E:\\Workspaces\\sailun\\resource\\config\\template\\mysql\\vo.ftl"
0    DEBUG [2021-04-14 11:36:39]  Couldn't find template in cache for "controller.ftl"("zh_CN", UTF-8, parsed); will try to load it.
1    DEBUG [2021-04-14 11:36:39]  TemplateLoader.findTemplateSource("controller_zh_CN.ftl"): Not found
2    DEBUG [2021-04-14 11:36:39]  TemplateLoader.findTemplateSource("controller_zh.ftl"): Not found
2    DEBUG [2021-04-14 11:36:39]  TemplateLoader.findTemplateSource("controller.ftl"): Found
2    DEBUG [2021-04-14 11:36:39]  Loading template for "controller.ftl"("zh_CN", UTF-8, parsed) from "E:\\Workspaces\\sailun\\resource\\config\\template\\mysql\\controller.ftl"
150  DEBUG [2021-04-14 11:36:39]  Couldn't find template in cache for "dao.ftl"("zh_CN", UTF-8, parsed); will try to load it.
151  DEBUG [2021-04-14 11:36:39]  TemplateLoader.findTemplateSource("dao_zh_CN.ftl"): Not found
151  DEBUG [2021-04-14 11:36:39]  TemplateLoader.findTemplateSource("dao_zh.ftl"): Not found
151  DEBUG [2021-04-14 11:36:39]  TemplateLoader.findTemplateSource("dao.ftl"): Found
151  DEBUG [2021-04-14 11:36:39]  Loading template for "dao.ftl"("zh_CN", UTF-8, parsed) from "E:\\Workspaces\\sailun\\resource\\config\\template\\mysql\\dao.ftl"
188  DEBUG [2021-04-14 11:36:39]  Couldn't find template in cache for "dto.ftl"("zh_CN", UTF-8, parsed); will try to load it.
188  DEBUG [2021-04-14 11:36:39]  TemplateLoader.findTemplateSource("dto_zh_CN.ftl"): Not found
189  DEBUG [2021-04-14 11:36:39]  TemplateLoader.findTemplateSource("dto_zh.ftl"): Not found
189  DEBUG [2021-04-14 11:36:39]  TemplateLoader.findTemplateSource("dto.ftl"): Found
189  DEBUG [2021-04-14 11:36:39]  Loading template for "dto.ftl"("zh_CN", UTF-8, parsed) from "E:\\Workspaces\\sailun\\resource\\config\\template\\mysql\\dto.ftl"
227  DEBUG [2021-04-14 11:36:39]  Couldn't find template in cache for "edit.ftl"("zh_CN", UTF-8, parsed); will try to load it.
227  DEBUG [2021-04-14 11:36:39]  TemplateLoader.findTemplateSource("edit_zh_CN.ftl"): Not found
227  DEBUG [2021-04-14 11:36:39]  TemplateLoader.findTemplateSource("edit_zh.ftl"): Not found
227  DEBUG [2021-04-14 11:36:39]  TemplateLoader.findTemplateSource("edit.ftl"): Found
227  DEBUG [2021-04-14 11:36:39]  Loading template for "edit.ftl"("zh_CN", UTF-8, parsed) from "E:\\Workspaces\\sailun\\resource\\config\\template\\mysql\\edit.ftl"
627  DEBUG [2021-04-14 11:36:39]  Couldn't find template in cache for "edit_js.ftl"("zh_CN", UTF-8, parsed); will try to load it.
627  DEBUG [2021-04-14 11:36:39]  TemplateLoader.findTemplateSource("edit_js_zh_CN.ftl"): Not found
627  DEBUG [2021-04-14 11:36:39]  TemplateLoader.findTemplateSource("edit_js_zh.ftl"): Not found
628  DEBUG [2021-04-14 11:36:39]  TemplateLoader.findTemplateSource("edit_js.ftl"): Found
628  DEBUG [2021-04-14 11:36:39]  Loading template for "edit_js.ftl"("zh_CN", UTF-8, parsed) from "E:\\Workspaces\\sailun\\resource\\config\\template\\mysql\\edit_js.ftl"
945  DEBUG [2021-04-14 11:36:40]  Couldn't find template in cache for "entity.ftl"("zh_CN", UTF-8, parsed); will try to load it.
945  DEBUG [2021-04-14 11:36:40]  TemplateLoader.findTemplateSource("entity_zh_CN.ftl"): Not found
945  DEBUG [2021-04-14 11:36:40]  TemplateLoader.findTemplateSource("entity_zh.ftl"): Not found
946  DEBUG [2021-04-14 11:36:40]  TemplateLoader.findTemplateSource("entity.ftl"): Found
946  DEBUG [2021-04-14 11:36:40]  Loading template for "entity.ftl"("zh_CN", UTF-8, parsed) from "E:\\Workspaces\\sailun\\resource\\config\\template\\mysql\\entity.ftl"
1268 DEBUG [2021-04-14 11:36:40]  Couldn't find template in cache for "list.ftl"("zh_CN", UTF-8, parsed); will try to load it.
1268 DEBUG [2021-04-14 11:36:40]  TemplateLoader.findTemplateSource("list_zh_CN.ftl"): Not found
1268 DEBUG [2021-04-14 11:36:40]  TemplateLoader.findTemplateSource("list_zh.ftl"): Not found
1269 DEBUG [2021-04-14 11:36:40]  TemplateLoader.findTemplateSource("list.ftl"): Found
1270 DEBUG [2021-04-14 11:36:40]  Loading template for "list.ftl"("zh_CN", UTF-8, parsed) from "E:\\Workspaces\\sailun\\resource\\config\\template\\mysql\\list.ftl"
1594 DEBUG [2021-04-14 11:36:40]  Couldn't find template in cache for "list_js.ftl"("zh_CN", UTF-8, parsed); will try to load it.
1594 DEBUG [2021-04-14 11:36:40]  TemplateLoader.findTemplateSource("list_js_zh_CN.ftl"): Not found
1594 DEBUG [2021-04-14 11:36:40]  TemplateLoader.findTemplateSource("list_js_zh.ftl"): Not found
1595 DEBUG [2021-04-14 11:36:40]  TemplateLoader.findTemplateSource("list_js.ftl"): Found
1595 DEBUG [2021-04-14 11:36:40]  Loading template for "list_js.ftl"("zh_CN", UTF-8, parsed) from "E:\\Workspaces\\sailun\\resource\\config\\template\\mysql\\list_js.ftl"
1932 DEBUG [2021-04-14 11:36:41]  Couldn't find template in cache for "mapper.ftl"("zh_CN", UTF-8, parsed); will try to load it.
1933 DEBUG [2021-04-14 11:36:41]  TemplateLoader.findTemplateSource("mapper_zh_CN.ftl"): Not found
1933 DEBUG [2021-04-14 11:36:41]  TemplateLoader.findTemplateSource("mapper_zh.ftl"): Not found
1935 DEBUG [2021-04-14 11:36:41]  TemplateLoader.findTemplateSource("mapper.ftl"): Found
1935 DEBUG [2021-04-14 11:36:41]  Loading template for "mapper.ftl"("zh_CN", UTF-8, parsed) from "E:\\Workspaces\\sailun\\resource\\config\\template\\mysql\\mapper.ftl"
2274 DEBUG [2021-04-14 11:36:41]  Couldn't find template in cache for "service.ftl"("zh_CN", UTF-8, parsed); will try to load it.
2274 DEBUG [2021-04-14 11:36:41]  TemplateLoader.findTemplateSource("service_zh_CN.ftl"): Not found
2275 DEBUG [2021-04-14 11:36:41]  TemplateLoader.findTemplateSource("service_zh.ftl"): Not found
2275 DEBUG [2021-04-14 11:36:41]  TemplateLoader.findTemplateSource("service.ftl"): Found
2275 DEBUG [2021-04-14 11:36:41]  Loading template for "service.ftl"("zh_CN", UTF-8, parsed) from "E:\\Workspaces\\sailun\\resource\\config\\template\\mysql\\service.ftl"
2596 DEBUG [2021-04-14 11:36:41]  Couldn't find template in cache for "serviceImpl.ftl"("zh_CN", UTF-8, parsed); will try to load it.
2597 DEBUG [2021-04-14 11:36:41]  TemplateLoader.findTemplateSource("serviceImpl_zh_CN.ftl"): Not found
2598 DEBUG [2021-04-14 11:36:41]  TemplateLoader.findTemplateSource("serviceImpl_zh.ftl"): Not found
2599 DEBUG [2021-04-14 11:36:41]  TemplateLoader.findTemplateSource("serviceImpl.ftl"): Found
2599 DEBUG [2021-04-14 11:36:41]  Loading template for "serviceImpl.ftl"("zh_CN", UTF-8, parsed) from "E:\\Workspaces\\sailun\\resource\\config\\template\\mysql\\serviceImpl.ftl"
2953 DEBUG [2021-04-14 11:36:42]  Couldn't find template in cache for "vo.ftl"("zh_CN", UTF-8, parsed); will try to load it.
2953 DEBUG [2021-04-14 11:36:42]  TemplateLoader.findTemplateSource("vo_zh_CN.ftl"): Not found
2953 DEBUG [2021-04-14 11:36:42]  TemplateLoader.findTemplateSource("vo_zh.ftl"): Not found
2954 DEBUG [2021-04-14 11:36:42]  TemplateLoader.findTemplateSource("vo.ftl"): Found
2954 DEBUG [2021-04-14 11:36:42]  Loading template for "vo.ftl"("zh_CN", UTF-8, parsed) from "E:\\Workspaces\\sailun\\resource\\config\\template\\mysql\\vo.ftl"
0    DEBUG [2021-04-14 11:37:05]  Couldn't find template in cache for "controller.ftl"("zh_CN", UTF-8, parsed); will try to load it.
1    DEBUG [2021-04-14 11:37:05]  TemplateLoader.findTemplateSource("controller_zh_CN.ftl"): Not found
2    DEBUG [2021-04-14 11:37:05]  TemplateLoader.findTemplateSource("controller_zh.ftl"): Not found
2    DEBUG [2021-04-14 11:37:05]  TemplateLoader.findTemplateSource("controller.ftl"): Found
3    DEBUG [2021-04-14 11:37:05]  Loading template for "controller.ftl"("zh_CN", UTF-8, parsed) from "E:\\Workspaces\\sailun\\resource\\config\\template\\mysql\\controller.ftl"
190  DEBUG [2021-04-14 11:37:05]  Couldn't find template in cache for "dao.ftl"("zh_CN", UTF-8, parsed); will try to load it.
190  DEBUG [2021-04-14 11:37:05]  TemplateLoader.findTemplateSource("dao_zh_CN.ftl"): Not found
190  DEBUG [2021-04-14 11:37:05]  TemplateLoader.findTemplateSource("dao_zh.ftl"): Not found
190  DEBUG [2021-04-14 11:37:05]  TemplateLoader.findTemplateSource("dao.ftl"): Found
190  DEBUG [2021-04-14 11:37:05]  Loading template for "dao.ftl"("zh_CN", UTF-8, parsed) from "E:\\Workspaces\\sailun\\resource\\config\\template\\mysql\\dao.ftl"
227  DEBUG [2021-04-14 11:37:05]  Couldn't find template in cache for "dto.ftl"("zh_CN", UTF-8, parsed); will try to load it.
227  DEBUG [2021-04-14 11:37:05]  TemplateLoader.findTemplateSource("dto_zh_CN.ftl"): Not found
227  DEBUG [2021-04-14 11:37:05]  TemplateLoader.findTemplateSource("dto_zh.ftl"): Not found
227  DEBUG [2021-04-14 11:37:05]  TemplateLoader.findTemplateSource("dto.ftl"): Found
228  DEBUG [2021-04-14 11:37:05]  Loading template for "dto.ftl"("zh_CN", UTF-8, parsed) from "E:\\Workspaces\\sailun\\resource\\config\\template\\mysql\\dto.ftl"
265  DEBUG [2021-04-14 11:37:05]  Couldn't find template in cache for "edit.ftl"("zh_CN", UTF-8, parsed); will try to load it.
265  DEBUG [2021-04-14 11:37:05]  TemplateLoader.findTemplateSource("edit_zh_CN.ftl"): Not found
266  DEBUG [2021-04-14 11:37:05]  TemplateLoader.findTemplateSource("edit_zh.ftl"): Not found
266  DEBUG [2021-04-14 11:37:05]  TemplateLoader.findTemplateSource("edit.ftl"): Found
266  DEBUG [2021-04-14 11:37:05]  Loading template for "edit.ftl"("zh_CN", UTF-8, parsed) from "E:\\Workspaces\\sailun\\resource\\config\\template\\mysql\\edit.ftl"
643  DEBUG [2021-04-14 11:37:05]  Couldn't find template in cache for "edit_js.ftl"("zh_CN", UTF-8, parsed); will try to load it.
643  DEBUG [2021-04-14 11:37:05]  TemplateLoader.findTemplateSource("edit_js_zh_CN.ftl"): Not found
644  DEBUG [2021-04-14 11:37:05]  TemplateLoader.findTemplateSource("edit_js_zh.ftl"): Not found
644  DEBUG [2021-04-14 11:37:05]  TemplateLoader.findTemplateSource("edit_js.ftl"): Found
644  DEBUG [2021-04-14 11:37:05]  Loading template for "edit_js.ftl"("zh_CN", UTF-8, parsed) from "E:\\Workspaces\\sailun\\resource\\config\\template\\mysql\\edit_js.ftl"
960  DEBUG [2021-04-14 11:37:06]  Couldn't find template in cache for "entity.ftl"("zh_CN", UTF-8, parsed); will try to load it.
961  DEBUG [2021-04-14 11:37:06]  TemplateLoader.findTemplateSource("entity_zh_CN.ftl"): Not found
962  DEBUG [2021-04-14 11:37:06]  TemplateLoader.findTemplateSource("entity_zh.ftl"): Not found
963  DEBUG [2021-04-14 11:37:06]  TemplateLoader.findTemplateSource("entity.ftl"): Found
963  DEBUG [2021-04-14 11:37:06]  Loading template for "entity.ftl"("zh_CN", UTF-8, parsed) from "E:\\Workspaces\\sailun\\resource\\config\\template\\mysql\\entity.ftl"
1295 DEBUG [2021-04-14 11:37:06]  Couldn't find template in cache for "list.ftl"("zh_CN", UTF-8, parsed); will try to load it.
1296 DEBUG [2021-04-14 11:37:06]  TemplateLoader.findTemplateSource("list_zh_CN.ftl"): Not found
1296 DEBUG [2021-04-14 11:37:06]  TemplateLoader.findTemplateSource("list_zh.ftl"): Not found
1297 DEBUG [2021-04-14 11:37:06]  TemplateLoader.findTemplateSource("list.ftl"): Found
1298 DEBUG [2021-04-14 11:37:06]  Loading template for "list.ftl"("zh_CN", UTF-8, parsed) from "E:\\Workspaces\\sailun\\resource\\config\\template\\mysql\\list.ftl"
1625 DEBUG [2021-04-14 11:37:06]  Couldn't find template in cache for "list_js.ftl"("zh_CN", UTF-8, parsed); will try to load it.
1625 DEBUG [2021-04-14 11:37:06]  TemplateLoader.findTemplateSource("list_js_zh_CN.ftl"): Not found
1626 DEBUG [2021-04-14 11:37:06]  TemplateLoader.findTemplateSource("list_js_zh.ftl"): Not found
1627 DEBUG [2021-04-14 11:37:06]  TemplateLoader.findTemplateSource("list_js.ftl"): Found
1627 DEBUG [2021-04-14 11:37:06]  Loading template for "list_js.ftl"("zh_CN", UTF-8, parsed) from "E:\\Workspaces\\sailun\\resource\\config\\template\\mysql\\list_js.ftl"
1941 DEBUG [2021-04-14 11:37:07]  Couldn't find template in cache for "mapper.ftl"("zh_CN", UTF-8, parsed); will try to load it.
1941 DEBUG [2021-04-14 11:37:07]  TemplateLoader.findTemplateSource("mapper_zh_CN.ftl"): Not found
1941 DEBUG [2021-04-14 11:37:07]  TemplateLoader.findTemplateSource("mapper_zh.ftl"): Not found
1941 DEBUG [2021-04-14 11:37:07]  TemplateLoader.findTemplateSource("mapper.ftl"): Found
1941 DEBUG [2021-04-14 11:37:07]  Loading template for "mapper.ftl"("zh_CN", UTF-8, parsed) from "E:\\Workspaces\\sailun\\resource\\config\\template\\mysql\\mapper.ftl"
2284 DEBUG [2021-04-14 11:37:07]  Couldn't find template in cache for "service.ftl"("zh_CN", UTF-8, parsed); will try to load it.
2284 DEBUG [2021-04-14 11:37:07]  TemplateLoader.findTemplateSource("service_zh_CN.ftl"): Not found
2284 DEBUG [2021-04-14 11:37:07]  TemplateLoader.findTemplateSource("service_zh.ftl"): Not found
2285 DEBUG [2021-04-14 11:37:07]  TemplateLoader.findTemplateSource("service.ftl"): Found
2285 DEBUG [2021-04-14 11:37:07]  Loading template for "service.ftl"("zh_CN", UTF-8, parsed) from "E:\\Workspaces\\sailun\\resource\\config\\template\\mysql\\service.ftl"
2604 DEBUG [2021-04-14 11:37:07]  Couldn't find template in cache for "serviceImpl.ftl"("zh_CN", UTF-8, parsed); will try to load it.
2605 DEBUG [2021-04-14 11:37:07]  TemplateLoader.findTemplateSource("serviceImpl_zh_CN.ftl"): Not found
2605 DEBUG [2021-04-14 11:37:07]  TemplateLoader.findTemplateSource("serviceImpl_zh.ftl"): Not found
2605 DEBUG [2021-04-14 11:37:07]  TemplateLoader.findTemplateSource("serviceImpl.ftl"): Found
2605 DEBUG [2021-04-14 11:37:07]  Loading template for "serviceImpl.ftl"("zh_CN", UTF-8, parsed) from "E:\\Workspaces\\sailun\\resource\\config\\template\\mysql\\serviceImpl.ftl"
2954 DEBUG [2021-04-14 11:37:08]  Couldn't find template in cache for "vo.ftl"("zh_CN", UTF-8, parsed); will try to load it.
2955 DEBUG [2021-04-14 11:37:08]  TemplateLoader.findTemplateSource("vo_zh_CN.ftl"): Not found
2955 DEBUG [2021-04-14 11:37:08]  TemplateLoader.findTemplateSource("vo_zh.ftl"): Not found
2955 DEBUG [2021-04-14 11:37:08]  TemplateLoader.findTemplateSource("vo.ftl"): Found
2955 DEBUG [2021-04-14 11:37:08]  Loading template for "vo.ftl"("zh_CN", UTF-8, parsed) from "E:\\Workspaces\\sailun\\resource\\config\\template\\mysql\\vo.ftl"
0    DEBUG [2021-04-14 14:02:15]  Couldn't find template in cache for "controller.ftl"("zh_CN", UTF-8, parsed); will try to load it.
1    DEBUG [2021-04-14 14:02:15]  TemplateLoader.findTemplateSource("controller_zh_CN.ftl"): Not found
2    DEBUG [2021-04-14 14:02:15]  TemplateLoader.findTemplateSource("controller_zh.ftl"): Not found
2    DEBUG [2021-04-14 14:02:15]  TemplateLoader.findTemplateSource("controller.ftl"): Found
2    DEBUG [2021-04-14 14:02:15]  Loading template for "controller.ftl"("zh_CN", UTF-8, parsed) from "E:\\Workspaces\\sailun\\resource\\config\\template\\mysql\\controller.ftl"
154  DEBUG [2021-04-14 14:02:15]  Couldn't find template in cache for "dao.ftl"("zh_CN", UTF-8, parsed); will try to load it.
155  DEBUG [2021-04-14 14:02:15]  TemplateLoader.findTemplateSource("dao_zh_CN.ftl"): Not found
155  DEBUG [2021-04-14 14:02:15]  TemplateLoader.findTemplateSource("dao_zh.ftl"): Not found
155  DEBUG [2021-04-14 14:02:15]  TemplateLoader.findTemplateSource("dao.ftl"): Found
155  DEBUG [2021-04-14 14:02:15]  Loading template for "dao.ftl"("zh_CN", UTF-8, parsed) from "E:\\Workspaces\\sailun\\resource\\config\\template\\mysql\\dao.ftl"
192  DEBUG [2021-04-14 14:02:15]  Couldn't find template in cache for "dto.ftl"("zh_CN", UTF-8, parsed); will try to load it.
192  DEBUG [2021-04-14 14:02:15]  TemplateLoader.findTemplateSource("dto_zh_CN.ftl"): Not found
192  DEBUG [2021-04-14 14:02:15]  TemplateLoader.findTemplateSource("dto_zh.ftl"): Not found
192  DEBUG [2021-04-14 14:02:15]  TemplateLoader.findTemplateSource("dto.ftl"): Found
192  DEBUG [2021-04-14 14:02:15]  Loading template for "dto.ftl"("zh_CN", UTF-8, parsed) from "E:\\Workspaces\\sailun\\resource\\config\\template\\mysql\\dto.ftl"
231  DEBUG [2021-04-14 14:02:15]  Couldn't find template in cache for "edit.ftl"("zh_CN", UTF-8, parsed); will try to load it.
232  DEBUG [2021-04-14 14:02:15]  TemplateLoader.findTemplateSource("edit_zh_CN.ftl"): Not found
232  DEBUG [2021-04-14 14:02:15]  TemplateLoader.findTemplateSource("edit_zh.ftl"): Not found
232  DEBUG [2021-04-14 14:02:15]  TemplateLoader.findTemplateSource("edit.ftl"): Found
232  DEBUG [2021-04-14 14:02:15]  Loading template for "edit.ftl"("zh_CN", UTF-8, parsed) from "E:\\Workspaces\\sailun\\resource\\config\\template\\mysql\\edit.ftl"
616  DEBUG [2021-04-14 14:02:15]  Couldn't find template in cache for "edit_js.ftl"("zh_CN", UTF-8, parsed); will try to load it.
616  DEBUG [2021-04-14 14:02:15]  TemplateLoader.findTemplateSource("edit_js_zh_CN.ftl"): Not found
616  DEBUG [2021-04-14 14:02:15]  TemplateLoader.findTemplateSource("edit_js_zh.ftl"): Not found
616  DEBUG [2021-04-14 14:02:15]  TemplateLoader.findTemplateSource("edit_js.ftl"): Found
616  DEBUG [2021-04-14 14:02:15]  Loading template for "edit_js.ftl"("zh_CN", UTF-8, parsed) from "E:\\Workspaces\\sailun\\resource\\config\\template\\mysql\\edit_js.ftl"
944  DEBUG [2021-04-14 14:02:16]  Couldn't find template in cache for "entity.ftl"("zh_CN", UTF-8, parsed); will try to load it.
944  DEBUG [2021-04-14 14:02:16]  TemplateLoader.findTemplateSource("entity_zh_CN.ftl"): Not found
945  DEBUG [2021-04-14 14:02:16]  TemplateLoader.findTemplateSource("entity_zh.ftl"): Not found
946  DEBUG [2021-04-14 14:02:16]  TemplateLoader.findTemplateSource("entity.ftl"): Found
947  DEBUG [2021-04-14 14:02:16]  Loading template for "entity.ftl"("zh_CN", UTF-8, parsed) from "E:\\Workspaces\\sailun\\resource\\config\\template\\mysql\\entity.ftl"
1265 DEBUG [2021-04-14 14:02:16]  Couldn't find template in cache for "list.ftl"("zh_CN", UTF-8, parsed); will try to load it.
1266 DEBUG [2021-04-14 14:02:16]  TemplateLoader.findTemplateSource("list_zh_CN.ftl"): Not found
1266 DEBUG [2021-04-14 14:02:16]  TemplateLoader.findTemplateSource("list_zh.ftl"): Not found
1267 DEBUG [2021-04-14 14:02:16]  TemplateLoader.findTemplateSource("list.ftl"): Found
1267 DEBUG [2021-04-14 14:02:16]  Loading template for "list.ftl"("zh_CN", UTF-8, parsed) from "E:\\Workspaces\\sailun\\resource\\config\\template\\mysql\\list.ftl"
1595 DEBUG [2021-04-14 14:02:16]  Couldn't find template in cache for "list_js.ftl"("zh_CN", UTF-8, parsed); will try to load it.
1595 DEBUG [2021-04-14 14:02:16]  TemplateLoader.findTemplateSource("list_js_zh_CN.ftl"): Not found
1596 DEBUG [2021-04-14 14:02:16]  TemplateLoader.findTemplateSource("list_js_zh.ftl"): Not found
1597 DEBUG [2021-04-14 14:02:16]  TemplateLoader.findTemplateSource("list_js.ftl"): Found
1598 DEBUG [2021-04-14 14:02:16]  Loading template for "list_js.ftl"("zh_CN", UTF-8, parsed) from "E:\\Workspaces\\sailun\\resource\\config\\template\\mysql\\list_js.ftl"
1936 DEBUG [2021-04-14 14:02:17]  Couldn't find template in cache for "mapper.ftl"("zh_CN", UTF-8, parsed); will try to load it.
1936 DEBUG [2021-04-14 14:02:17]  TemplateLoader.findTemplateSource("mapper_zh_CN.ftl"): Not found
1936 DEBUG [2021-04-14 14:02:17]  TemplateLoader.findTemplateSource("mapper_zh.ftl"): Not found
1938 DEBUG [2021-04-14 14:02:17]  TemplateLoader.findTemplateSource("mapper.ftl"): Found
1938 DEBUG [2021-04-14 14:02:17]  Loading template for "mapper.ftl"("zh_CN", UTF-8, parsed) from "E:\\Workspaces\\sailun\\resource\\config\\template\\mysql\\mapper.ftl"
2300 DEBUG [2021-04-14 14:02:17]  Couldn't find template in cache for "service.ftl"("zh_CN", UTF-8, parsed); will try to load it.
2301 DEBUG [2021-04-14 14:02:17]  TemplateLoader.findTemplateSource("service_zh_CN.ftl"): Not found
2301 DEBUG [2021-04-14 14:02:17]  TemplateLoader.findTemplateSource("service_zh.ftl"): Not found
2302 DEBUG [2021-04-14 14:02:17]  TemplateLoader.findTemplateSource("service.ftl"): Found
2303 DEBUG [2021-04-14 14:02:17]  Loading template for "service.ftl"("zh_CN", UTF-8, parsed) from "E:\\Workspaces\\sailun\\resource\\config\\template\\mysql\\service.ftl"
2628 DEBUG [2021-04-14 14:02:18]  Couldn't find template in cache for "serviceImpl.ftl"("zh_CN", UTF-8, parsed); will try to load it.
2629 DEBUG [2021-04-14 14:02:18]  TemplateLoader.findTemplateSource("serviceImpl_zh_CN.ftl"): Not found
2629 DEBUG [2021-04-14 14:02:18]  TemplateLoader.findTemplateSource("serviceImpl_zh.ftl"): Not found
2630 DEBUG [2021-04-14 14:02:18]  TemplateLoader.findTemplateSource("serviceImpl.ftl"): Found
2631 DEBUG [2021-04-14 14:02:18]  Loading template for "serviceImpl.ftl"("zh_CN", UTF-8, parsed) from "E:\\Workspaces\\sailun\\resource\\config\\template\\mysql\\serviceImpl.ftl"
2973 DEBUG [2021-04-14 14:02:18]  Couldn't find template in cache for "vo.ftl"("zh_CN", UTF-8, parsed); will try to load it.
2974 DEBUG [2021-04-14 14:02:18]  TemplateLoader.findTemplateSource("vo_zh_CN.ftl"): Not found
2974 DEBUG [2021-04-14 14:02:18]  TemplateLoader.findTemplateSource("vo_zh.ftl"): Not found
2975 DEBUG [2021-04-14 14:02:18]  TemplateLoader.findTemplateSource("vo.ftl"): Found
2975 DEBUG [2021-04-14 14:02:18]  Loading template for "vo.ftl"("zh_CN", UTF-8, parsed) from "E:\\Workspaces\\sailun\\resource\\config\\template\\mysql\\vo.ftl"
0    DEBUG [2021-04-14 14:04:02]  Couldn't find template in cache for "controller.ftl"("zh_CN", UTF-8, parsed); will try to load it.
1    DEBUG [2021-04-14 14:04:02]  TemplateLoader.findTemplateSource("controller_zh_CN.ftl"): Not found
2    DEBUG [2021-04-14 14:04:02]  TemplateLoader.findTemplateSource("controller_zh.ftl"): Not found
2    DEBUG [2021-04-14 14:04:02]  TemplateLoader.findTemplateSource("controller.ftl"): Found
2    DEBUG [2021-04-14 14:04:02]  Loading template for "controller.ftl"("zh_CN", UTF-8, parsed) from "E:\\Workspaces\\sailun\\resource\\config\\template\\mysql\\controller.ftl"
158  DEBUG [2021-04-14 14:04:02]  Couldn't find template in cache for "dao.ftl"("zh_CN", UTF-8, parsed); will try to load it.
158  DEBUG [2021-04-14 14:04:02]  TemplateLoader.findTemplateSource("dao_zh_CN.ftl"): Not found
158  DEBUG [2021-04-14 14:04:02]  TemplateLoader.findTemplateSource("dao_zh.ftl"): Not found
158  DEBUG [2021-04-14 14:04:02]  TemplateLoader.findTemplateSource("dao.ftl"): Found
159  DEBUG [2021-04-14 14:04:02]  Loading template for "dao.ftl"("zh_CN", UTF-8, parsed) from "E:\\Workspaces\\sailun\\resource\\config\\template\\mysql\\dao.ftl"
195  DEBUG [2021-04-14 14:04:02]  Couldn't find template in cache for "dto.ftl"("zh_CN", UTF-8, parsed); will try to load it.
195  DEBUG [2021-04-14 14:04:02]  TemplateLoader.findTemplateSource("dto_zh_CN.ftl"): Not found
196  DEBUG [2021-04-14 14:04:02]  TemplateLoader.findTemplateSource("dto_zh.ftl"): Not found
196  DEBUG [2021-04-14 14:04:02]  TemplateLoader.findTemplateSource("dto.ftl"): Found
196  DEBUG [2021-04-14 14:04:02]  Loading template for "dto.ftl"("zh_CN", UTF-8, parsed) from "E:\\Workspaces\\sailun\\resource\\config\\template\\mysql\\dto.ftl"
233  DEBUG [2021-04-14 14:04:02]  Couldn't find template in cache for "edit.ftl"("zh_CN", UTF-8, parsed); will try to load it.
233  DEBUG [2021-04-14 14:04:02]  TemplateLoader.findTemplateSource("edit_zh_CN.ftl"): Not found
234  DEBUG [2021-04-14 14:04:02]  TemplateLoader.findTemplateSource("edit_zh.ftl"): Not found
234  DEBUG [2021-04-14 14:04:02]  TemplateLoader.findTemplateSource("edit.ftl"): Found
234  DEBUG [2021-04-14 14:04:02]  Loading template for "edit.ftl"("zh_CN", UTF-8, parsed) from "E:\\Workspaces\\sailun\\resource\\config\\template\\mysql\\edit.ftl"
580  DEBUG [2021-04-14 14:04:03]  Couldn't find template in cache for "edit_js.ftl"("zh_CN", UTF-8, parsed); will try to load it.
580  DEBUG [2021-04-14 14:04:03]  TemplateLoader.findTemplateSource("edit_js_zh_CN.ftl"): Not found
580  DEBUG [2021-04-14 14:04:03]  TemplateLoader.findTemplateSource("edit_js_zh.ftl"): Not found
580  DEBUG [2021-04-14 14:04:03]  TemplateLoader.findTemplateSource("edit_js.ftl"): Found
581  DEBUG [2021-04-14 14:04:03]  Loading template for "edit_js.ftl"("zh_CN", UTF-8, parsed) from "E:\\Workspaces\\sailun\\resource\\config\\template\\mysql\\edit_js.ftl"
895  DEBUG [2021-04-14 14:04:03]  Couldn't find template in cache for "entity.ftl"("zh_CN", UTF-8, parsed); will try to load it.
895  DEBUG [2021-04-14 14:04:03]  TemplateLoader.findTemplateSource("entity_zh_CN.ftl"): Not found
895  DEBUG [2021-04-14 14:04:03]  TemplateLoader.findTemplateSource("entity_zh.ftl"): Not found
896  DEBUG [2021-04-14 14:04:03]  TemplateLoader.findTemplateSource("entity.ftl"): Found
896  DEBUG [2021-04-14 14:04:03]  Loading template for "entity.ftl"("zh_CN", UTF-8, parsed) from "E:\\Workspaces\\sailun\\resource\\config\\template\\mysql\\entity.ftl"
1219 DEBUG [2021-04-14 14:04:03]  Couldn't find template in cache for "list.ftl"("zh_CN", UTF-8, parsed); will try to load it.
1220 DEBUG [2021-04-14 14:04:03]  TemplateLoader.findTemplateSource("list_zh_CN.ftl"): Not found
1220 DEBUG [2021-04-14 14:04:03]  TemplateLoader.findTemplateSource("list_zh.ftl"): Not found
1220 DEBUG [2021-04-14 14:04:03]  TemplateLoader.findTemplateSource("list.ftl"): Found
1220 DEBUG [2021-04-14 14:04:03]  Loading template for "list.ftl"("zh_CN", UTF-8, parsed) from "E:\\Workspaces\\sailun\\resource\\config\\template\\mysql\\list.ftl"
1537 DEBUG [2021-04-14 14:04:04]  Couldn't find template in cache for "list_js.ftl"("zh_CN", UTF-8, parsed); will try to load it.
1537 DEBUG [2021-04-14 14:04:04]  TemplateLoader.findTemplateSource("list_js_zh_CN.ftl"): Not found
1537 DEBUG [2021-04-14 14:04:04]  TemplateLoader.findTemplateSource("list_js_zh.ftl"): Not found
1538 DEBUG [2021-04-14 14:04:04]  TemplateLoader.findTemplateSource("list_js.ftl"): Found
1538 DEBUG [2021-04-14 14:04:04]  Loading template for "list_js.ftl"("zh_CN", UTF-8, parsed) from "E:\\Workspaces\\sailun\\resource\\config\\template\\mysql\\list_js.ftl"
1855 DEBUG [2021-04-14 14:04:04]  Couldn't find template in cache for "mapper.ftl"("zh_CN", UTF-8, parsed); will try to load it.
1855 DEBUG [2021-04-14 14:04:04]  TemplateLoader.findTemplateSource("mapper_zh_CN.ftl"): Not found
1856 DEBUG [2021-04-14 14:04:04]  TemplateLoader.findTemplateSource("mapper_zh.ftl"): Not found
1857 DEBUG [2021-04-14 14:04:04]  TemplateLoader.findTemplateSource("mapper.ftl"): Found
1857 DEBUG [2021-04-14 14:04:04]  Loading template for "mapper.ftl"("zh_CN", UTF-8, parsed) from "E:\\Workspaces\\sailun\\resource\\config\\template\\mysql\\mapper.ftl"
2215 DEBUG [2021-04-14 14:04:04]  Couldn't find template in cache for "service.ftl"("zh_CN", UTF-8, parsed); will try to load it.
2215 DEBUG [2021-04-14 14:04:04]  TemplateLoader.findTemplateSource("service_zh_CN.ftl"): Not found
2216 DEBUG [2021-04-14 14:04:04]  TemplateLoader.findTemplateSource("service_zh.ftl"): Not found
2216 DEBUG [2021-04-14 14:04:04]  TemplateLoader.findTemplateSource("service.ftl"): Found
2217 DEBUG [2021-04-14 14:04:04]  Loading template for "service.ftl"("zh_CN", UTF-8, parsed) from "E:\\Workspaces\\sailun\\resource\\config\\template\\mysql\\service.ftl"
2552 DEBUG [2021-04-14 14:04:05]  Couldn't find template in cache for "serviceImpl.ftl"("zh_CN", UTF-8, parsed); will try to load it.
2553 DEBUG [2021-04-14 14:04:05]  TemplateLoader.findTemplateSource("serviceImpl_zh_CN.ftl"): Not found
2553 DEBUG [2021-04-14 14:04:05]  TemplateLoader.findTemplateSource("serviceImpl_zh.ftl"): Not found
2555 DEBUG [2021-04-14 14:04:05]  TemplateLoader.findTemplateSource("serviceImpl.ftl"): Found
2555 DEBUG [2021-04-14 14:04:05]  Loading template for "serviceImpl.ftl"("zh_CN", UTF-8, parsed) from "E:\\Workspaces\\sailun\\resource\\config\\template\\mysql\\serviceImpl.ftl"
2907 DEBUG [2021-04-14 14:04:05]  Couldn't find template in cache for "vo.ftl"("zh_CN", UTF-8, parsed); will try to load it.
2907 DEBUG [2021-04-14 14:04:05]  TemplateLoader.findTemplateSource("vo_zh_CN.ftl"): Not found
2908 DEBUG [2021-04-14 14:04:05]  TemplateLoader.findTemplateSource("vo_zh.ftl"): Not found
2910 DEBUG [2021-04-14 14:04:05]  TemplateLoader.findTemplateSource("vo.ftl"): Found
2910 DEBUG [2021-04-14 14:04:05]  Loading template for "vo.ftl"("zh_CN", UTF-8, parsed) from "E:\\Workspaces\\sailun\\resource\\config\\template\\mysql\\vo.ftl"
0    DEBUG [2021-04-14 14:13:15]  Couldn't find template in cache for "controller.ftl"("zh_CN", UTF-8, parsed); will try to load it.
1    DEBUG [2021-04-14 14:13:15]  TemplateLoader.findTemplateSource("controller_zh_CN.ftl"): Not found
2    DEBUG [2021-04-14 14:13:15]  TemplateLoader.findTemplateSource("controller_zh.ftl"): Not found
2    DEBUG [2021-04-14 14:13:15]  TemplateLoader.findTemplateSource("controller.ftl"): Found
2    DEBUG [2021-04-14 14:13:15]  Loading template for "controller.ftl"("zh_CN", UTF-8, parsed) from "E:\\Workspaces\\sailun\\resource\\config\\template\\mysql\\controller.ftl"
195  DEBUG [2021-04-14 14:13:16]  Couldn't find template in cache for "dao.ftl"("zh_CN", UTF-8, parsed); will try to load it.
195  DEBUG [2021-04-14 14:13:16]  TemplateLoader.findTemplateSource("dao_zh_CN.ftl"): Not found
195  DEBUG [2021-04-14 14:13:16]  TemplateLoader.findTemplateSource("dao_zh.ftl"): Not found
195  DEBUG [2021-04-14 14:13:16]  TemplateLoader.findTemplateSource("dao.ftl"): Found
195  DEBUG [2021-04-14 14:13:16]  Loading template for "dao.ftl"("zh_CN", UTF-8, parsed) from "E:\\Workspaces\\sailun\\resource\\config\\template\\mysql\\dao.ftl"
253  DEBUG [2021-04-14 14:13:16]  Couldn't find template in cache for "dto.ftl"("zh_CN", UTF-8, parsed); will try to load it.
253  DEBUG [2021-04-14 14:13:16]  TemplateLoader.findTemplateSource("dto_zh_CN.ftl"): Not found
253  DEBUG [2021-04-14 14:13:16]  TemplateLoader.findTemplateSource("dto_zh.ftl"): Not found
254  DEBUG [2021-04-14 14:13:16]  TemplateLoader.findTemplateSource("dto.ftl"): Found
254  DEBUG [2021-04-14 14:13:16]  Loading template for "dto.ftl"("zh_CN", UTF-8, parsed) from "E:\\Workspaces\\sailun\\resource\\config\\template\\mysql\\dto.ftl"
296  DEBUG [2021-04-14 14:13:16]  Couldn't find template in cache for "edit.ftl"("zh_CN", UTF-8, parsed); will try to load it.
296  DEBUG [2021-04-14 14:13:16]  TemplateLoader.findTemplateSource("edit_zh_CN.ftl"): Not found
296  DEBUG [2021-04-14 14:13:16]  TemplateLoader.findTemplateSource("edit_zh.ftl"): Not found
296  DEBUG [2021-04-14 14:13:16]  TemplateLoader.findTemplateSource("edit.ftl"): Found
297  DEBUG [2021-04-14 14:13:16]  Loading template for "edit.ftl"("zh_CN", UTF-8, parsed) from "E:\\Workspaces\\sailun\\resource\\config\\template\\mysql\\edit.ftl"
640  DEBUG [2021-04-14 14:13:16]  Couldn't find template in cache for "edit_js.ftl"("zh_CN", UTF-8, parsed); will try to load it.
641  DEBUG [2021-04-14 14:13:16]  TemplateLoader.findTemplateSource("edit_js_zh_CN.ftl"): Not found
641  DEBUG [2021-04-14 14:13:16]  TemplateLoader.findTemplateSource("edit_js_zh.ftl"): Not found
641  DEBUG [2021-04-14 14:13:16]  TemplateLoader.findTemplateSource("edit_js.ftl"): Found
641  DEBUG [2021-04-14 14:13:16]  Loading template for "edit_js.ftl"("zh_CN", UTF-8, parsed) from "E:\\Workspaces\\sailun\\resource\\config\\template\\mysql\\edit_js.ftl"
976  DEBUG [2021-04-14 14:13:16]  Couldn't find template in cache for "entity.ftl"("zh_CN", UTF-8, parsed); will try to load it.
976  DEBUG [2021-04-14 14:13:16]  TemplateLoader.findTemplateSource("entity_zh_CN.ftl"): Not found
977  DEBUG [2021-04-14 14:13:16]  TemplateLoader.findTemplateSource("entity_zh.ftl"): Not found
977  DEBUG [2021-04-14 14:13:16]  TemplateLoader.findTemplateSource("entity.ftl"): Found
977  DEBUG [2021-04-14 14:13:16]  Loading template for "entity.ftl"("zh_CN", UTF-8, parsed) from "E:\\Workspaces\\sailun\\resource\\config\\template\\mysql\\entity.ftl"
1307 DEBUG [2021-04-14 14:13:17]  Couldn't find template in cache for "list.ftl"("zh_CN", UTF-8, parsed); will try to load it.
1307 DEBUG [2021-04-14 14:13:17]  TemplateLoader.findTemplateSource("list_zh_CN.ftl"): Not found
1307 DEBUG [2021-04-14 14:13:17]  TemplateLoader.findTemplateSource("list_zh.ftl"): Not found
1307 DEBUG [2021-04-14 14:13:17]  TemplateLoader.findTemplateSource("list.ftl"): Found
1307 DEBUG [2021-04-14 14:13:17]  Loading template for "list.ftl"("zh_CN", UTF-8, parsed) from "E:\\Workspaces\\sailun\\resource\\config\\template\\mysql\\list.ftl"
1671 DEBUG [2021-04-14 14:13:17]  Couldn't find template in cache for "list_js.ftl"("zh_CN", UTF-8, parsed); will try to load it.
1671 DEBUG [2021-04-14 14:13:17]  TemplateLoader.findTemplateSource("list_js_zh_CN.ftl"): Not found
1671 DEBUG [2021-04-14 14:13:17]  TemplateLoader.findTemplateSource("list_js_zh.ftl"): Not found
1672 DEBUG [2021-04-14 14:13:17]  TemplateLoader.findTemplateSource("list_js.ftl"): Found
1672 DEBUG [2021-04-14 14:13:17]  Loading template for "list_js.ftl"("zh_CN", UTF-8, parsed) from "E:\\Workspaces\\sailun\\resource\\config\\template\\mysql\\list_js.ftl"
2023 DEBUG [2021-04-14 14:13:17]  Couldn't find template in cache for "mapper.ftl"("zh_CN", UTF-8, parsed); will try to load it.
2024 DEBUG [2021-04-14 14:13:17]  TemplateLoader.findTemplateSource("mapper_zh_CN.ftl"): Not found
2024 DEBUG [2021-04-14 14:13:17]  TemplateLoader.findTemplateSource("mapper_zh.ftl"): Not found
2025 DEBUG [2021-04-14 14:13:17]  TemplateLoader.findTemplateSource("mapper.ftl"): Found
2025 DEBUG [2021-04-14 14:13:17]  Loading template for "mapper.ftl"("zh_CN", UTF-8, parsed) from "E:\\Workspaces\\sailun\\resource\\config\\template\\mysql\\mapper.ftl"
2393 DEBUG [2021-04-14 14:13:18]  Couldn't find template in cache for "service.ftl"("zh_CN", UTF-8, parsed); will try to load it.
2393 DEBUG [2021-04-14 14:13:18]  TemplateLoader.findTemplateSource("service_zh_CN.ftl"): Not found
2393 DEBUG [2021-04-14 14:13:18]  TemplateLoader.findTemplateSource("service_zh.ftl"): Not found
2394 DEBUG [2021-04-14 14:13:18]  TemplateLoader.findTemplateSource("service.ftl"): Found
2394 DEBUG [2021-04-14 14:13:18]  Loading template for "service.ftl"("zh_CN", UTF-8, parsed) from "E:\\Workspaces\\sailun\\resource\\config\\template\\mysql\\service.ftl"
2725 DEBUG [2021-04-14 14:13:18]  Couldn't find template in cache for "serviceImpl.ftl"("zh_CN", UTF-8, parsed); will try to load it.
2726 DEBUG [2021-04-14 14:13:18]  TemplateLoader.findTemplateSource("serviceImpl_zh_CN.ftl"): Not found
2726 DEBUG [2021-04-14 14:13:18]  TemplateLoader.findTemplateSource("serviceImpl_zh.ftl"): Not found
2728 DEBUG [2021-04-14 14:13:18]  TemplateLoader.findTemplateSource("serviceImpl.ftl"): Found
2728 DEBUG [2021-04-14 14:13:18]  Loading template for "serviceImpl.ftl"("zh_CN", UTF-8, parsed) from "E:\\Workspaces\\sailun\\resource\\config\\template\\mysql\\serviceImpl.ftl"
3086 DEBUG [2021-04-14 14:13:18]  Couldn't find template in cache for "vo.ftl"("zh_CN", UTF-8, parsed); will try to load it.
3086 DEBUG [2021-04-14 14:13:18]  TemplateLoader.findTemplateSource("vo_zh_CN.ftl"): Not found
3087 DEBUG [2021-04-14 14:13:18]  TemplateLoader.findTemplateSource("vo_zh.ftl"): Not found
3089 DEBUG [2021-04-14 14:13:18]  TemplateLoader.findTemplateSource("vo.ftl"): Found
3089 DEBUG [2021-04-14 14:13:18]  Loading template for "vo.ftl"("zh_CN", UTF-8, parsed) from "E:\\Workspaces\\sailun\\resource\\config\\template\\mysql\\vo.ftl"
0    DEBUG [2021-04-14 14:37:29]  Couldn't find template in cache for "controller.ftl"("zh_CN", UTF-8, parsed); will try to load it.
1    DEBUG [2021-04-14 14:37:29]  TemplateLoader.findTemplateSource("controller_zh_CN.ftl"): Not found
2    DEBUG [2021-04-14 14:37:29]  TemplateLoader.findTemplateSource("controller_zh.ftl"): Not found
2    DEBUG [2021-04-14 14:37:29]  TemplateLoader.findTemplateSource("controller.ftl"): Found
2    DEBUG [2021-04-14 14:37:29]  Loading template for "controller.ftl"("zh_CN", UTF-8, parsed) from "E:\\Workspaces\\sailun\\resource\\config\\template\\mysql\\controller.ftl"
147  DEBUG [2021-04-14 14:37:29]  Couldn't find template in cache for "dao.ftl"("zh_CN", UTF-8, parsed); will try to load it.
147  DEBUG [2021-04-14 14:37:29]  TemplateLoader.findTemplateSource("dao_zh_CN.ftl"): Not found
147  DEBUG [2021-04-14 14:37:29]  TemplateLoader.findTemplateSource("dao_zh.ftl"): Not found
147  DEBUG [2021-04-14 14:37:29]  TemplateLoader.findTemplateSource("dao.ftl"): Found
147  DEBUG [2021-04-14 14:37:29]  Loading template for "dao.ftl"("zh_CN", UTF-8, parsed) from "E:\\Workspaces\\sailun\\resource\\config\\template\\mysql\\dao.ftl"
184  DEBUG [2021-04-14 14:37:29]  Couldn't find template in cache for "dto.ftl"("zh_CN", UTF-8, parsed); will try to load it.
185  DEBUG [2021-04-14 14:37:29]  TemplateLoader.findTemplateSource("dto_zh_CN.ftl"): Not found
185  DEBUG [2021-04-14 14:37:29]  TemplateLoader.findTemplateSource("dto_zh.ftl"): Not found
185  DEBUG [2021-04-14 14:37:29]  TemplateLoader.findTemplateSource("dto.ftl"): Found
185  DEBUG [2021-04-14 14:37:29]  Loading template for "dto.ftl"("zh_CN", UTF-8, parsed) from "E:\\Workspaces\\sailun\\resource\\config\\template\\mysql\\dto.ftl"
224  DEBUG [2021-04-14 14:37:29]  Couldn't find template in cache for "edit.ftl"("zh_CN", UTF-8, parsed); will try to load it.
224  DEBUG [2021-04-14 14:37:29]  TemplateLoader.findTemplateSource("edit_zh_CN.ftl"): Not found
224  DEBUG [2021-04-14 14:37:29]  TemplateLoader.findTemplateSource("edit_zh.ftl"): Not found
225  DEBUG [2021-04-14 14:37:29]  TemplateLoader.findTemplateSource("edit.ftl"): Found
225  DEBUG [2021-04-14 14:37:29]  Loading template for "edit.ftl"("zh_CN", UTF-8, parsed) from "E:\\Workspaces\\sailun\\resource\\config\\template\\mysql\\edit.ftl"
598  DEBUG [2021-04-14 14:37:29]  Couldn't find template in cache for "edit_js.ftl"("zh_CN", UTF-8, parsed); will try to load it.
599  DEBUG [2021-04-14 14:37:29]  TemplateLoader.findTemplateSource("edit_js_zh_CN.ftl"): Not found
599  DEBUG [2021-04-14 14:37:29]  TemplateLoader.findTemplateSource("edit_js_zh.ftl"): Not found
599  DEBUG [2021-04-14 14:37:29]  TemplateLoader.findTemplateSource("edit_js.ftl"): Found
599  DEBUG [2021-04-14 14:37:29]  Loading template for "edit_js.ftl"("zh_CN", UTF-8, parsed) from "E:\\Workspaces\\sailun\\resource\\config\\template\\mysql\\edit_js.ftl"
912  DEBUG [2021-04-14 14:37:30]  Couldn't find template in cache for "entity.ftl"("zh_CN", UTF-8, parsed); will try to load it.
912  DEBUG [2021-04-14 14:37:30]  TemplateLoader.findTemplateSource("entity_zh_CN.ftl"): Not found
913  DEBUG [2021-04-14 14:37:30]  TemplateLoader.findTemplateSource("entity_zh.ftl"): Not found
913  DEBUG [2021-04-14 14:37:30]  TemplateLoader.findTemplateSource("entity.ftl"): Found
914  DEBUG [2021-04-14 14:37:30]  Loading template for "entity.ftl"("zh_CN", UTF-8, parsed) from "E:\\Workspaces\\sailun\\resource\\config\\template\\mysql\\entity.ftl"
1252 DEBUG [2021-04-14 14:37:30]  Couldn't find template in cache for "list.ftl"("zh_CN", UTF-8, parsed); will try to load it.
1252 DEBUG [2021-04-14 14:37:30]  TemplateLoader.findTemplateSource("list_zh_CN.ftl"): Not found
1253 DEBUG [2021-04-14 14:37:30]  TemplateLoader.findTemplateSource("list_zh.ftl"): Not found
1254 DEBUG [2021-04-14 14:37:30]  TemplateLoader.findTemplateSource("list.ftl"): Found
1254 DEBUG [2021-04-14 14:37:30]  Loading template for "list.ftl"("zh_CN", UTF-8, parsed) from "E:\\Workspaces\\sailun\\resource\\config\\template\\mysql\\list.ftl"
1592 DEBUG [2021-04-14 14:37:30]  Couldn't find template in cache for "list_js.ftl"("zh_CN", UTF-8, parsed); will try to load it.
1592 DEBUG [2021-04-14 14:37:30]  TemplateLoader.findTemplateSource("list_js_zh_CN.ftl"): Not found
1593 DEBUG [2021-04-14 14:37:30]  TemplateLoader.findTemplateSource("list_js_zh.ftl"): Not found
1593 DEBUG [2021-04-14 14:37:30]  TemplateLoader.findTemplateSource("list_js.ftl"): Found
1593 DEBUG [2021-04-14 14:37:30]  Loading template for "list_js.ftl"("zh_CN", UTF-8, parsed) from "E:\\Workspaces\\sailun\\resource\\config\\template\\mysql\\list_js.ftl"
1922 DEBUG [2021-04-14 14:37:31]  Couldn't find template in cache for "mapper.ftl"("zh_CN", UTF-8, parsed); will try to load it.
1923 DEBUG [2021-04-14 14:37:31]  TemplateLoader.findTemplateSource("mapper_zh_CN.ftl"): Not found
1923 DEBUG [2021-04-14 14:37:31]  TemplateLoader.findTemplateSource("mapper_zh.ftl"): Not found
1923 DEBUG [2021-04-14 14:37:31]  TemplateLoader.findTemplateSource("mapper.ftl"): Found
1923 DEBUG [2021-04-14 14:37:31]  Loading template for "mapper.ftl"("zh_CN", UTF-8, parsed) from "E:\\Workspaces\\sailun\\resource\\config\\template\\mysql\\mapper.ftl"
2260 DEBUG [2021-04-14 14:37:31]  Couldn't find template in cache for "service.ftl"("zh_CN", UTF-8, parsed); will try to load it.
2260 DEBUG [2021-04-14 14:37:31]  TemplateLoader.findTemplateSource("service_zh_CN.ftl"): Not found
2260 DEBUG [2021-04-14 14:37:31]  TemplateLoader.findTemplateSource("service_zh.ftl"): Not found
2260 DEBUG [2021-04-14 14:37:31]  TemplateLoader.findTemplateSource("service.ftl"): Found
2260 DEBUG [2021-04-14 14:37:31]  Loading template for "service.ftl"("zh_CN", UTF-8, parsed) from "E:\\Workspaces\\sailun\\resource\\config\\template\\mysql\\service.ftl"
2573 DEBUG [2021-04-14 14:37:31]  Couldn't find template in cache for "serviceImpl.ftl"("zh_CN", UTF-8, parsed); will try to load it.
2573 DEBUG [2021-04-14 14:37:31]  TemplateLoader.findTemplateSource("serviceImpl_zh_CN.ftl"): Not found
2573 DEBUG [2021-04-14 14:37:31]  TemplateLoader.findTemplateSource("serviceImpl_zh.ftl"): Not found
2573 DEBUG [2021-04-14 14:37:31]  TemplateLoader.findTemplateSource("serviceImpl.ftl"): Found
2573 DEBUG [2021-04-14 14:37:31]  Loading template for "serviceImpl.ftl"("zh_CN", UTF-8, parsed) from "E:\\Workspaces\\sailun\\resource\\config\\template\\mysql\\serviceImpl.ftl"
2904 DEBUG [2021-04-14 14:37:32]  Couldn't find template in cache for "vo.ftl"("zh_CN", UTF-8, parsed); will try to load it.
2904 DEBUG [2021-04-14 14:37:32]  TemplateLoader.findTemplateSource("vo_zh_CN.ftl"): Not found
2905 DEBUG [2021-04-14 14:37:32]  TemplateLoader.findTemplateSource("vo_zh.ftl"): Not found
2906 DEBUG [2021-04-14 14:37:32]  TemplateLoader.findTemplateSource("vo.ftl"): Found
2906 DEBUG [2021-04-14 14:37:32]  Loading template for "vo.ftl"("zh_CN", UTF-8, parsed) from "E:\\Workspaces\\sailun\\resource\\config\\template\\mysql\\vo.ftl"
0    DEBUG [2021-04-14 14:56:52]  Couldn't find template in cache for "controller.ftl"("zh_CN", UTF-8, parsed); will try to load it.
1    DEBUG [2021-04-14 14:56:52]  TemplateLoader.findTemplateSource("controller_zh_CN.ftl"): Not found
1    DEBUG [2021-04-14 14:56:52]  TemplateLoader.findTemplateSource("controller_zh.ftl"): Not found
2    DEBUG [2021-04-14 14:56:52]  TemplateLoader.findTemplateSource("controller.ftl"): Found
2    DEBUG [2021-04-14 14:56:52]  Loading template for "controller.ftl"("zh_CN", UTF-8, parsed) from "E:\\Workspaces\\sailun\\resource\\config\\template\\mysql\\controller.ftl"
150  DEBUG [2021-04-14 14:56:52]  Couldn't find template in cache for "dao.ftl"("zh_CN", UTF-8, parsed); will try to load it.
150  DEBUG [2021-04-14 14:56:52]  TemplateLoader.findTemplateSource("dao_zh_CN.ftl"): Not found
150  DEBUG [2021-04-14 14:56:52]  TemplateLoader.findTemplateSource("dao_zh.ftl"): Not found
150  DEBUG [2021-04-14 14:56:52]  TemplateLoader.findTemplateSource("dao.ftl"): Found
150  DEBUG [2021-04-14 14:56:52]  Loading template for "dao.ftl"("zh_CN", UTF-8, parsed) from "E:\\Workspaces\\sailun\\resource\\config\\template\\mysql\\dao.ftl"
188  DEBUG [2021-04-14 14:56:52]  Couldn't find template in cache for "dto.ftl"("zh_CN", UTF-8, parsed); will try to load it.
188  DEBUG [2021-04-14 14:56:52]  TemplateLoader.findTemplateSource("dto_zh_CN.ftl"): Not found
188  DEBUG [2021-04-14 14:56:52]  TemplateLoader.findTemplateSource("dto_zh.ftl"): Not found
188  DEBUG [2021-04-14 14:56:52]  TemplateLoader.findTemplateSource("dto.ftl"): Found
189  DEBUG [2021-04-14 14:56:52]  Loading template for "dto.ftl"("zh_CN", UTF-8, parsed) from "E:\\Workspaces\\sailun\\resource\\config\\template\\mysql\\dto.ftl"
228  DEBUG [2021-04-14 14:56:52]  Couldn't find template in cache for "edit.ftl"("zh_CN", UTF-8, parsed); will try to load it.
228  DEBUG [2021-04-14 14:56:52]  TemplateLoader.findTemplateSource("edit_zh_CN.ftl"): Not found
228  DEBUG [2021-04-14 14:56:52]  TemplateLoader.findTemplateSource("edit_zh.ftl"): Not found
229  DEBUG [2021-04-14 14:56:52]  TemplateLoader.findTemplateSource("edit.ftl"): Found
229  DEBUG [2021-04-14 14:56:52]  Loading template for "edit.ftl"("zh_CN", UTF-8, parsed) from "E:\\Workspaces\\sailun\\resource\\config\\template\\mysql\\edit.ftl"
605  DEBUG [2021-04-14 14:56:53]  Couldn't find template in cache for "edit_js.ftl"("zh_CN", UTF-8, parsed); will try to load it.
605  DEBUG [2021-04-14 14:56:53]  TemplateLoader.findTemplateSource("edit_js_zh_CN.ftl"): Not found
605  DEBUG [2021-04-14 14:56:53]  TemplateLoader.findTemplateSource("edit_js_zh.ftl"): Not found
605  DEBUG [2021-04-14 14:56:53]  TemplateLoader.findTemplateSource("edit_js.ftl"): Found
605  DEBUG [2021-04-14 14:56:53]  Loading template for "edit_js.ftl"("zh_CN", UTF-8, parsed) from "E:\\Workspaces\\sailun\\resource\\config\\template\\mysql\\edit_js.ftl"
927  DEBUG [2021-04-14 14:56:53]  Couldn't find template in cache for "entity.ftl"("zh_CN", UTF-8, parsed); will try to load it.
927  DEBUG [2021-04-14 14:56:53]  TemplateLoader.findTemplateSource("entity_zh_CN.ftl"): Not found
927  DEBUG [2021-04-14 14:56:53]  TemplateLoader.findTemplateSource("entity_zh.ftl"): Not found
928  DEBUG [2021-04-14 14:56:53]  TemplateLoader.findTemplateSource("entity.ftl"): Found
928  DEBUG [2021-04-14 14:56:53]  Loading template for "entity.ftl"("zh_CN", UTF-8, parsed) from "E:\\Workspaces\\sailun\\resource\\config\\template\\mysql\\entity.ftl"
1245 DEBUG [2021-04-14 14:56:53]  Couldn't find template in cache for "list.ftl"("zh_CN", UTF-8, parsed); will try to load it.
1246 DEBUG [2021-04-14 14:56:53]  TemplateLoader.findTemplateSource("list_zh_CN.ftl"): Not found
1246 DEBUG [2021-04-14 14:56:53]  TemplateLoader.findTemplateSource("list_zh.ftl"): Not found
1247 DEBUG [2021-04-14 14:56:53]  TemplateLoader.findTemplateSource("list.ftl"): Found
1248 DEBUG [2021-04-14 14:56:53]  Loading template for "list.ftl"("zh_CN", UTF-8, parsed) from "E:\\Workspaces\\sailun\\resource\\config\\template\\mysql\\list.ftl"
1558 DEBUG [2021-04-14 14:56:54]  Couldn't find template in cache for "list_js.ftl"("zh_CN", UTF-8, parsed); will try to load it.
1559 DEBUG [2021-04-14 14:56:54]  TemplateLoader.findTemplateSource("list_js_zh_CN.ftl"): Not found
1559 DEBUG [2021-04-14 14:56:54]  TemplateLoader.findTemplateSource("list_js_zh.ftl"): Not found
1560 DEBUG [2021-04-14 14:56:54]  TemplateLoader.findTemplateSource("list_js.ftl"): Found
1560 DEBUG [2021-04-14 14:56:54]  Loading template for "list_js.ftl"("zh_CN", UTF-8, parsed) from "E:\\Workspaces\\sailun\\resource\\config\\template\\mysql\\list_js.ftl"
1906 DEBUG [2021-04-14 14:56:54]  Couldn't find template in cache for "mapper.ftl"("zh_CN", UTF-8, parsed); will try to load it.
1907 DEBUG [2021-04-14 14:56:54]  TemplateLoader.findTemplateSource("mapper_zh_CN.ftl"): Not found
1907 DEBUG [2021-04-14 14:56:54]  TemplateLoader.findTemplateSource("mapper_zh.ftl"): Not found
1908 DEBUG [2021-04-14 14:56:54]  TemplateLoader.findTemplateSource("mapper.ftl"): Found
1909 DEBUG [2021-04-14 14:56:54]  Loading template for "mapper.ftl"("zh_CN", UTF-8, parsed) from "E:\\Workspaces\\sailun\\resource\\config\\template\\mysql\\mapper.ftl"
2288 DEBUG [2021-04-14 14:56:54]  Couldn't find template in cache for "service.ftl"("zh_CN", UTF-8, parsed); will try to load it.
2288 DEBUG [2021-04-14 14:56:54]  TemplateLoader.findTemplateSource("service_zh_CN.ftl"): Not found
2289 DEBUG [2021-04-14 14:56:54]  TemplateLoader.findTemplateSource("service_zh.ftl"): Not found
2290 DEBUG [2021-04-14 14:56:54]  TemplateLoader.findTemplateSource("service.ftl"): Found
2290 DEBUG [2021-04-14 14:56:54]  Loading template for "service.ftl"("zh_CN", UTF-8, parsed) from "E:\\Workspaces\\sailun\\resource\\config\\template\\mysql\\service.ftl"
2629 DEBUG [2021-04-14 14:56:55]  Couldn't find template in cache for "serviceImpl.ftl"("zh_CN", UTF-8, parsed); will try to load it.
2630 DEBUG [2021-04-14 14:56:55]  TemplateLoader.findTemplateSource("serviceImpl_zh_CN.ftl"): Not found
2630 DEBUG [2021-04-14 14:56:55]  TemplateLoader.findTemplateSource("serviceImpl_zh.ftl"): Not found
2631 DEBUG [2021-04-14 14:56:55]  TemplateLoader.findTemplateSource("serviceImpl.ftl"): Found
2632 DEBUG [2021-04-14 14:56:55]  Loading template for "serviceImpl.ftl"("zh_CN", UTF-8, parsed) from "E:\\Workspaces\\sailun\\resource\\config\\template\\mysql\\serviceImpl.ftl"
2963 DEBUG [2021-04-14 14:56:55]  Couldn't find template in cache for "vo.ftl"("zh_CN", UTF-8, parsed); will try to load it.
2964 DEBUG [2021-04-14 14:56:55]  TemplateLoader.findTemplateSource("vo_zh_CN.ftl"): Not found
2964 DEBUG [2021-04-14 14:56:55]  TemplateLoader.findTemplateSource("vo_zh.ftl"): Not found
2965 DEBUG [2021-04-14 14:56:55]  TemplateLoader.findTemplateSource("vo.ftl"): Found
2966 DEBUG [2021-04-14 14:56:55]  Loading template for "vo.ftl"("zh_CN", UTF-8, parsed) from "E:\\Workspaces\\sailun\\resource\\config\\template\\mysql\\vo.ftl"
